<?xml version="1.0" encoding="UTF-8"?>
<!-- Generated by org.testng.reporters.JUnitReportReporter -->
<testsuite hostname="DESKTOP-J9IAG9B" failures="0" tests="1" name="shopper.testcase.testcase1" time="11.262" errors="0" timestamp="2024-05-28T22:28:34 IST" skipped="0">
  <testcase classname="shopper.testcase.testcase1" name="Testcase" time="11.262"/>
  <system-out/>
</testsuite> <!-- shopper.testcase.testcase1 -->
